[11:33:55] [main/INFO] [LaunchWrapper]: Loading tweak class name net.minecraftforge.fml.common.launcher.FMLTweaker
[11:33:55] [main/INFO] [LaunchWrapper]: Using primary tweak class name net.minecraftforge.fml.common.launcher.FMLTweaker
[11:33:55] [main/INFO] [LaunchWrapper]: Calling tweak class net.minecraftforge.fml.common.launcher.FMLTweaker
[11:33:55] [main/INFO] [FML]: Forge Mod Loader version 14.23.5.2860 for Minecraft 1.12.2 loading
[11:33:55] [main/INFO] [FML]: Java is OpenJDK 64-Bit Server VM, version 1.8.0_352, running on Mac OS X:aarch64:12.6, installed at /Library/Java/JavaVirtualMachines/zulu-8.jdk/Contents/Home/jre
[11:33:55] [main/ERROR] [FML]: Apache Maven library folder was not in the format expected. Using default libraries directory.
[11:33:55] [main/ERROR] [FML]: Full: /Users/stormbirch-hansen/.gradle/caches/modules-2/files-2.1/org.apache.maven/maven-artifact/3.5.3/7dc72b6d6d8a6dced3d294ed54c2cc3515ade9f4/maven-artifact-3.5.3.jar
[11:33:55] [main/ERROR] [FML]: Trimmed: /users/stormbirch-hansen/.gradle/caches/modules-2/files-2.1/org.apache.maven/maven-artifact/3.5.3/
[11:33:55] [main/INFO] [FML]: Managed to load a deobfuscated Minecraft name- we are in a deobfuscated environment. Skipping runtime deobfuscation
[11:33:55] [main/INFO] [FML]: Detected deobfuscated environment, loading log configs for colored console logs.
[11:33:55] [main/INFO] [FML]: Ignoring missing certificate for coremod FMLCorePlugin (net.minecraftforge.fml.relauncher.FMLCorePlugin), we are in deobf and it's a forge core plugin
[11:33:55] [main/INFO] [FML]: Ignoring missing certificate for coremod FMLForgePlugin (net.minecraftforge.classloading.FMLForgePlugin), we are in deobf and it's a forge core plugin
[11:33:55] [main/INFO] [FML]: Searching /Users/stormbirch-hansen/IdeaProjects/mmDetector/run/./mods for mods
[11:33:55] [main/INFO] [LaunchWrapper]: Loading tweak class name net.minecraftforge.fml.common.launcher.FMLInjectionAndSortingTweaker
[11:33:55] [main/INFO] [LaunchWrapper]: Loading tweak class name net.minecraftforge.fml.common.launcher.FMLDeobfTweaker
[11:33:55] [main/INFO] [LaunchWrapper]: Calling tweak class net.minecraftforge.fml.common.launcher.FMLInjectionAndSortingTweaker
[11:33:55] [main/INFO] [LaunchWrapper]: Calling tweak class net.minecraftforge.fml.common.launcher.FMLInjectionAndSortingTweaker
[11:33:55] [main/INFO] [LaunchWrapper]: Calling tweak class net.minecraftforge.fml.relauncher.CoreModManager$FMLPluginWrapper
[11:33:56] [main/ERROR] [FML]: FML appears to be missing any signature data. This is not a good thing
[11:33:56] [main/INFO] [LaunchWrapper]: Calling tweak class net.minecraftforge.fml.relauncher.CoreModManager$FMLPluginWrapper
[11:33:56] [main/INFO] [LaunchWrapper]: Calling tweak class net.minecraftforge.fml.common.launcher.FMLDeobfTweaker
[11:33:56] [main/INFO] [LaunchWrapper]: Loading tweak class name net.minecraftforge.fml.common.launcher.TerminalTweaker
[11:33:56] [main/INFO] [LaunchWrapper]: Calling tweak class net.minecraftforge.fml.common.launcher.TerminalTweaker
[11:33:56] [main/INFO] [LaunchWrapper]: Launching wrapped minecraft {net.minecraft.client.main.Main}
[11:33:56] [main/ERROR] [LaunchWrapper]: Unable to launch
java.lang.reflect.InvocationTargetException: null
	at sun.reflect.NativeMethodAccessorImpl.invoke0(Native Method) ~[?:1.8.0_352]
	at sun.reflect.NativeMethodAccessorImpl.invoke(NativeMethodAccessorImpl.java:62) ~[?:1.8.0_352]
	at sun.reflect.DelegatingMethodAccessorImpl.invoke(DelegatingMethodAccessorImpl.java:43) ~[?:1.8.0_352]
	at java.lang.reflect.Method.invoke(Method.java:498) ~[?:1.8.0_352]
	at net.minecraft.launchwrapper.Launch.launch(Launch.java:135) [launchwrapper-1.12.jar:?]
	at net.minecraft.launchwrapper.Launch.main(Launch.java:28) [launchwrapper-1.12.jar:?]
	at sun.reflect.NativeMethodAccessorImpl.invoke0(Native Method) ~[?:1.8.0_352]
	at sun.reflect.NativeMethodAccessorImpl.invoke(NativeMethodAccessorImpl.java:62) ~[?:1.8.0_352]
	at sun.reflect.DelegatingMethodAccessorImpl.invoke(DelegatingMethodAccessorImpl.java:43) ~[?:1.8.0_352]
	at java.lang.reflect.Method.invoke(Method.java:498) ~[?:1.8.0_352]
	at net.minecraftforge.legacydev.Main.start(Main.java:86) [legacydev-0.2.3.1-fatjar.jar:0.2.3.1+4+372be23]
	at net.minecraftforge.legacydev.MainClient.main(MainClient.java:29) [legacydev-0.2.3.1-fatjar.jar:0.2.3.1+4+372be23]
Caused by: java.lang.UnsatisfiedLinkError: /Users/stormbirch-hansen/IdeaProjects/mmDetector/build/natives/liblwjgl.dylib: dlopen(/Users/stormbirch-hansen/IdeaProjects/mmDetector/build/natives/liblwjgl.dylib, 0x0001): tried: '/Users/stormbirch-hansen/IdeaProjects/mmDetector/build/natives/liblwjgl.dylib' (fat file, but missing compatible architecture (have (i386,x86_64), need (arm64e)))
	at java.lang.ClassLoader$NativeLibrary.load(Native Method) ~[?:1.8.0_352]
	at java.lang.ClassLoader.loadLibrary0(ClassLoader.java:1950) ~[?:1.8.0_352]
	at java.lang.ClassLoader.loadLibrary(ClassLoader.java:1865) ~[?:1.8.0_352]
	at java.lang.Runtime.loadLibrary0(Runtime.java:844) ~[?:1.8.0_352]
	at java.lang.System.loadLibrary(System.java:1136) ~[?:1.8.0_352]
	at org.lwjgl.Sys$1.run(Sys.java:73) ~[lwjgl-2.9.2-nightly-20140822.jar:?]
	at java.security.AccessController.doPrivileged(Native Method) ~[?:1.8.0_352]
	at org.lwjgl.Sys.doLoadLibrary(Sys.java:66) ~[lwjgl-2.9.2-nightly-20140822.jar:?]
	at org.lwjgl.Sys.loadLibrary(Sys.java:95) ~[lwjgl-2.9.2-nightly-20140822.jar:?]
	at org.lwjgl.Sys.<clinit>(Sys.java:112) ~[lwjgl-2.9.2-nightly-20140822.jar:?]
	at net.minecraft.client.Minecraft.getSystemTime(Minecraft.java:2984) ~[Minecraft.class:?]
	at net.minecraft.client.main.Main.main(Main.java:38) ~[Main.class:?]
	... 12 more
[11:33:56] [main/INFO] [STDERR]: [java.lang.ThreadGroup:uncaughtException:1052]: java.lang.reflect.InvocationTargetException
[11:33:56] [main/INFO] [STDERR]: [java.lang.ThreadGroup:uncaughtException:1052]: 	at sun.reflect.NativeMethodAccessorImpl.invoke0(Native Method)
[11:33:56] [main/INFO] [STDERR]: [java.lang.ThreadGroup:uncaughtException:1052]: 	at sun.reflect.NativeMethodAccessorImpl.invoke(NativeMethodAccessorImpl.java:62)
[11:33:56] [main/INFO] [STDERR]: [java.lang.ThreadGroup:uncaughtException:1052]: 	at sun.reflect.DelegatingMethodAccessorImpl.invoke(DelegatingMethodAccessorImpl.java:43)
[11:33:56] [main/INFO] [STDERR]: [java.lang.ThreadGroup:uncaughtException:1052]: 	at java.lang.reflect.Method.invoke(Method.java:498)
[11:33:56] [main/INFO] [STDERR]: [java.lang.ThreadGroup:uncaughtException:1052]: 	at net.minecraftforge.legacydev.Main.start(Main.java:86)
[11:33:56] [main/INFO] [STDERR]: [java.lang.ThreadGroup:uncaughtException:1052]: 	at net.minecraftforge.legacydev.MainClient.main(MainClient.java:29)
[11:33:56] [main/INFO] [STDERR]: [java.lang.ThreadGroup:uncaughtException:1061]: Caused by: net.minecraftforge.fml.relauncher.FMLSecurityManager$ExitTrappedException
[11:33:56] [main/INFO] [STDERR]: [java.lang.ThreadGroup:uncaughtException:1061]: 	at net.minecraftforge.fml.relauncher.FMLSecurityManager.checkPermission(FMLSecurityManager.java:49)
[11:33:56] [main/INFO] [STDERR]: [java.lang.ThreadGroup:uncaughtException:1061]: 	at java.lang.SecurityManager.checkExit(SecurityManager.java:761)
[11:33:56] [main/INFO] [STDERR]: [java.lang.ThreadGroup:uncaughtException:1061]: 	at java.lang.Runtime.exit(Runtime.java:102)
[11:33:56] [main/INFO] [STDERR]: [java.lang.ThreadGroup:uncaughtException:1061]: 	at java.lang.System.exit(System.java:987)
[11:33:56] [main/INFO] [STDERR]: [java.lang.ThreadGroup:uncaughtException:1061]: 	at net.minecraft.launchwrapper.Launch.launch(Launch.java:138)
[11:33:56] [main/INFO] [STDERR]: [java.lang.ThreadGroup:uncaughtException:1061]: 	at net.minecraft.launchwrapper.Launch.main(Launch.java:28)
[11:33:56] [main/INFO] [STDERR]: [java.lang.ThreadGroup:uncaughtException:1061]: 	... 6 more
